[2020-08-07T19:00:51.125Z][QUERY]: SELECT * FROM `INFORMATION_SCHEMA`.`COLUMNS` WHERE `TABLE_SCHEMA` = 'test' AND `TABLE_NAME` = 'migrations'
[2020-08-07T19:00:51.152Z][QUERY]: SELECT * FROM `test`.`migrations` `migrations` ORDER BY `id` DESC
[2020-08-07T19:00:51.659Z][QUERY]: SELECT * FROM `INFORMATION_SCHEMA`.`COLUMNS` WHERE `TABLE_SCHEMA` = 'test' AND `TABLE_NAME` = 'migrations'
[2020-08-07T19:00:51.674Z][QUERY]: SELECT * FROM `test`.`migrations` `migrations` ORDER BY `id` DESC
[2020-08-07T19:02:40.050Z][QUERY]: SELECT * FROM `INFORMATION_SCHEMA`.`COLUMNS` WHERE `TABLE_SCHEMA` = 'test' AND `TABLE_NAME` = 'migrations'
[2020-08-07T19:02:40.065Z][QUERY]: SELECT * FROM `test`.`migrations` `migrations` ORDER BY `id` DESC
[2020-08-07T19:02:40.224Z][QUERY]: SELECT * FROM `INFORMATION_SCHEMA`.`COLUMNS` WHERE `TABLE_SCHEMA` = 'test' AND `TABLE_NAME` = 'migrations'
[2020-08-07T19:02:40.237Z][QUERY]: SELECT * FROM `test`.`migrations` `migrations` ORDER BY `id` DESC
[2020-08-07T19:03:31.055Z][QUERY]: SELECT * FROM `INFORMATION_SCHEMA`.`COLUMNS` WHERE `TABLE_SCHEMA` = 'test' AND `TABLE_NAME` = 'migrations'
[2020-08-07T19:03:31.067Z][QUERY]: SELECT * FROM `test`.`migrations` `migrations` ORDER BY `id` DESC
[2020-08-07T19:03:32.576Z][QUERY]: SELECT * FROM `INFORMATION_SCHEMA`.`COLUMNS` WHERE `TABLE_SCHEMA` = 'test' AND `TABLE_NAME` = 'migrations'
[2020-08-07T19:03:32.587Z][QUERY]: SELECT * FROM `test`.`migrations` `migrations` ORDER BY `id` DESC
[2020-08-07T19:04:52.325Z][QUERY]: SELECT * FROM `INFORMATION_SCHEMA`.`COLUMNS` WHERE `TABLE_SCHEMA` = 'test' AND `TABLE_NAME` = 'migrations'
[2020-08-07T19:04:52.337Z][QUERY]: SELECT * FROM `test`.`migrations` `migrations` ORDER BY `id` DESC
[2020-08-07T19:04:52.341Z][QUERY]: START TRANSACTION
[2020-08-07T19:04:52.344Z][QUERY]: SELECT * FROM `INFORMATION_SCHEMA`.`COLUMNS` WHERE `TABLE_SCHEMA` = 'test' AND `TABLE_NAME` = 'users'
[2020-08-07T19:04:52.353Z][QUERY]: INSERT INTO `test`.`migrations`(`timestamp`, `name`) VALUES (?, ?) -- PARAMETERS: [1596827048564,"BaseTable1596827048564"]
[2020-08-07T19:04:52.356Z][QUERY]: COMMIT
[2020-08-07T19:04:53.108Z][QUERY]: SELECT * FROM `INFORMATION_SCHEMA`.`COLUMNS` WHERE `TABLE_SCHEMA` = 'test' AND `TABLE_NAME` = 'migrations'
[2020-08-07T19:04:53.120Z][QUERY]: SELECT * FROM `test`.`migrations` `migrations` ORDER BY `id` DESC
[2020-08-07T19:05:04.413Z][QUERY]: SELECT * FROM `INFORMATION_SCHEMA`.`COLUMNS` WHERE `TABLE_SCHEMA` = 'test' AND `TABLE_NAME` = 'migrations'
[2020-08-07T19:05:04.426Z][QUERY]: SELECT * FROM `test`.`migrations` `migrations` ORDER BY `id` DESC
[2020-08-07T19:07:08.780Z][QUERY]: SELECT `user`.`id` AS `user_id`, `user`.`name` AS `user_name`, `user`.`lastname` AS `user_lastname`, `user`.`email` AS `user_email`, `user`.`phone` AS `user_phone`, `user`.`date_birthday` AS `user_date_birthday`, `user`.`description` AS `user_description` FROM `user` `user` WHERE DATE_ADD(date_birthday, 
        INTERVAL YEAR(CURDATE())-YEAR(date_birthday)
                 + IF(DAYOFYEAR(CURDATE()) > DAYOFYEAR(date_birthday),1,0)
        YEAR)  
    BETWEEN CURDATE() AND DATE_ADD(CURDATE(), INTERVAL 365 DAY) ORDER BY date_birthday ASC
[2020-08-07T19:22:10.288Z][QUERY]: START TRANSACTION
[2020-08-07T19:22:10.316Z][QUERY]: INSERT INTO `user`(`id`, `name`, `lastname`, `email`, `phone`, `date_birthday`, `description`) VALUES (DEFAULT, ?, ?, ?, ?, ?, ?) -- PARAMETERS: ["Claudia","Gallucci","tomifno1@gmail.com","+5493412769210","1998-02-11","Desarrollador en movizen, hace 3 meses"]
[2020-08-07T19:22:10.326Z][QUERY]: COMMIT
[2020-08-07T19:22:19.343Z][QUERY]: START TRANSACTION
[2020-08-07T19:22:19.345Z][QUERY]: INSERT INTO `user`(`id`, `name`, `lastname`, `email`, `phone`, `date_birthday`, `description`) VALUES (DEFAULT, ?, ?, ?, ?, ?, ?) -- PARAMETERS: ["Claudia","Gallucci","tomifno1@gmail.com","+5493412769210","1998-09-04","Desarrollador en movizen, hace 3 meses"]
[2020-08-07T19:22:19.348Z][QUERY]: COMMIT
[2020-08-07T19:22:25.882Z][QUERY]: SELECT `User`.`id` AS `User_id`, `User`.`name` AS `User_name`, `User`.`lastname` AS `User_lastname`, `User`.`email` AS `User_email`, `User`.`phone` AS `User_phone`, `User`.`date_birthday` AS `User_date_birthday`, `User`.`description` AS `User_description` FROM `user` `User`
[2020-08-07T19:22:45.547Z][QUERY]: SELECT `User`.`id` AS `User_id`, `User`.`name` AS `User_name`, `User`.`lastname` AS `User_lastname`, `User`.`email` AS `User_email`, `User`.`phone` AS `User_phone`, `User`.`date_birthday` AS `User_date_birthday`, `User`.`description` AS `User_description` FROM `user` `User` WHERE `User`.`id` IN (?) -- PARAMETERS: ["25"]
[2020-08-07T19:22:45.580Z][QUERY]: DELETE FROM `user` WHERE `id` IN (?) -- PARAMETERS: ["25"]
[2020-08-07T19:23:12.046Z][QUERY]: SELECT `user`.`id` AS `user_id`, `user`.`name` AS `user_name`, `user`.`lastname` AS `user_lastname`, `user`.`email` AS `user_email`, `user`.`phone` AS `user_phone`, `user`.`date_birthday` AS `user_date_birthday`, `user`.`description` AS `user_description` FROM `user` `user` WHERE DATE_ADD(date_birthday, 
        INTERVAL YEAR(CURDATE())-YEAR(date_birthday)
                 + IF(DAYOFYEAR(CURDATE()) > DAYOFYEAR(date_birthday),1,0)
        YEAR)  
    BETWEEN CURDATE() AND DATE_ADD(CURDATE(), INTERVAL 365 DAY) ORDER BY date_birthday ASC
[2020-08-07T19:23:20.781Z][QUERY]: SELECT `User`.`id` AS `User_id`, `User`.`name` AS `User_name`, `User`.`lastname` AS `User_lastname`, `User`.`email` AS `User_email`, `User`.`phone` AS `User_phone`, `User`.`date_birthday` AS `User_date_birthday`, `User`.`description` AS `User_description` FROM `user` `User`
[2020-08-07T19:23:37.560Z][QUERY]: START TRANSACTION
[2020-08-07T19:23:37.562Z][QUERY]: INSERT INTO `user`(`id`, `name`, `lastname`, `email`, `phone`, `date_birthday`, `description`) VALUES (DEFAULT, ?, ?, ?, ?, ?, ?) -- PARAMETERS: ["Claudia","Gallucci","tomifno1@gmail.com","+5493412769210","1998-02-11","Desarrollador en movizen, hace 3 meses"]
[2020-08-07T19:23:37.563Z][QUERY]: COMMIT
[2020-08-07T19:23:49.037Z][QUERY]: SELECT `User`.`id` AS `User_id`, `User`.`name` AS `User_name`, `User`.`lastname` AS `User_lastname`, `User`.`email` AS `User_email`, `User`.`phone` AS `User_phone`, `User`.`date_birthday` AS `User_date_birthday`, `User`.`description` AS `User_description` FROM `user` `User` WHERE `User`.`id` IN (?) -- PARAMETERS: ["24"]
[2020-08-07T19:23:49.071Z][QUERY]: DELETE FROM `user` WHERE `id` IN (?) -- PARAMETERS: ["24"]
[2020-08-07T19:23:51.989Z][QUERY]: SELECT `user`.`id` AS `user_id`, `user`.`name` AS `user_name`, `user`.`lastname` AS `user_lastname`, `user`.`email` AS `user_email`, `user`.`phone` AS `user_phone`, `user`.`date_birthday` AS `user_date_birthday`, `user`.`description` AS `user_description` FROM `user` `user` WHERE DATE_ADD(date_birthday, 
        INTERVAL YEAR(CURDATE())-YEAR(date_birthday)
                 + IF(DAYOFYEAR(CURDATE()) > DAYOFYEAR(date_birthday),1,0)
        YEAR)  
    BETWEEN CURDATE() AND DATE_ADD(CURDATE(), INTERVAL 365 DAY) ORDER BY date_birthday ASC
[2020-08-07T19:24:22.787Z][QUERY]: SELECT * FROM `INFORMATION_SCHEMA`.`COLUMNS` WHERE `TABLE_SCHEMA` = 'test' AND `TABLE_NAME` = 'migrations'
[2020-08-07T19:24:22.796Z][QUERY]: SELECT * FROM `test`.`migrations` `migrations` ORDER BY `id` DESC
[2020-08-07T19:24:33.621Z][QUERY]: SELECT `user`.`id` AS `user_id`, `user`.`name` AS `user_name`, `user`.`lastname` AS `user_lastname`, `user`.`email` AS `user_email`, `user`.`phone` AS `user_phone`, `user`.`date_birthday` AS `user_date_birthday`, `user`.`description` AS `user_description` FROM `user` `user` WHERE DATE_ADD(date_birthday, 
        INTERVAL YEAR(CURDATE())-YEAR(date_birthday)
                 + IF(DAYOFYEAR(CURDATE()) > DAYOFYEAR(date_birthday),1,0)
        YEAR)  
    BETWEEN CURDATE() AND DATE_ADD(CURDATE(), INTERVAL 365 DAY)
[2020-08-07T19:25:09.679Z][QUERY]: START TRANSACTION
[2020-08-07T19:25:09.685Z][QUERY]: INSERT INTO `user`(`id`, `name`, `lastname`, `email`, `phone`, `date_birthday`, `description`) VALUES (DEFAULT, ?, ?, ?, ?, ?, ?) -- PARAMETERS: ["Claudia","Gallucci","tomifno1@gmail.com","+5493412769210","1998-08-8","Desarrollador en movizen, hace 3 meses"]
[2020-08-07T19:25:09.689Z][QUERY]: COMMIT
[2020-08-07T19:25:13.585Z][QUERY]: SELECT `user`.`id` AS `user_id`, `user`.`name` AS `user_name`, `user`.`lastname` AS `user_lastname`, `user`.`email` AS `user_email`, `user`.`phone` AS `user_phone`, `user`.`date_birthday` AS `user_date_birthday`, `user`.`description` AS `user_description` FROM `user` `user` WHERE DATE_ADD(date_birthday, 
        INTERVAL YEAR(CURDATE())-YEAR(date_birthday)
                 + IF(DAYOFYEAR(CURDATE()) > DAYOFYEAR(date_birthday),1,0)
        YEAR)  
    BETWEEN CURDATE() AND DATE_ADD(CURDATE(), INTERVAL 365 DAY)
[2020-08-07T19:25:15.525Z][QUERY]: SELECT `user`.`id` AS `user_id`, `user`.`name` AS `user_name`, `user`.`lastname` AS `user_lastname`, `user`.`email` AS `user_email`, `user`.`phone` AS `user_phone`, `user`.`date_birthday` AS `user_date_birthday`, `user`.`description` AS `user_description` FROM `user` `user` WHERE DATE_ADD(date_birthday, 
        INTERVAL YEAR(CURDATE())-YEAR(date_birthday)
                 + IF(DAYOFYEAR(CURDATE()) > DAYOFYEAR(date_birthday),1,0)
        YEAR)  
    BETWEEN CURDATE() AND DATE_ADD(CURDATE(), INTERVAL 365 DAY)
[2020-08-07T19:25:16.290Z][QUERY]: SELECT `user`.`id` AS `user_id`, `user`.`name` AS `user_name`, `user`.`lastname` AS `user_lastname`, `user`.`email` AS `user_email`, `user`.`phone` AS `user_phone`, `user`.`date_birthday` AS `user_date_birthday`, `user`.`description` AS `user_description` FROM `user` `user` WHERE DATE_ADD(date_birthday, 
        INTERVAL YEAR(CURDATE())-YEAR(date_birthday)
                 + IF(DAYOFYEAR(CURDATE()) > DAYOFYEAR(date_birthday),1,0)
        YEAR)  
    BETWEEN CURDATE() AND DATE_ADD(CURDATE(), INTERVAL 365 DAY)
[2020-08-07T19:25:26.434Z][QUERY]: SELECT * FROM `INFORMATION_SCHEMA`.`COLUMNS` WHERE `TABLE_SCHEMA` = 'test' AND `TABLE_NAME` = 'migrations'
[2020-08-07T19:25:26.445Z][QUERY]: SELECT * FROM `test`.`migrations` `migrations` ORDER BY `id` DESC
[2020-08-07T19:25:46.462Z][QUERY]: SELECT * FROM `INFORMATION_SCHEMA`.`COLUMNS` WHERE `TABLE_SCHEMA` = 'test' AND `TABLE_NAME` = 'migrations'
[2020-08-07T19:25:46.470Z][QUERY]: SELECT * FROM `test`.`migrations` `migrations` ORDER BY `id` DESC
[2020-08-07T19:25:50.173Z][QUERY]: SELECT `user`.`id` AS `user_id`, `user`.`name` AS `user_name`, `user`.`lastname` AS `user_lastname`, `user`.`email` AS `user_email`, `user`.`phone` AS `user_phone`, `user`.`date_birthday` AS `user_date_birthday`, `user`.`description` AS `user_description` FROM `user` `user` WHERE DATE_ADD(date_birthday, 
        INTERVAL YEAR(CURDATE())-YEAR(date_birthday)
                 + IF(DAYOFYEAR(CURDATE()) > DAYOFYEAR(date_birthday),1,0)
        YEAR)  
    BETWEEN CURDATE() AND DATE_ADD(CURDATE(), INTERVAL 365 DAY) ORDER BY date_birthday DESC
[2020-08-07T19:25:51.878Z][QUERY]: SELECT `user`.`id` AS `user_id`, `user`.`name` AS `user_name`, `user`.`lastname` AS `user_lastname`, `user`.`email` AS `user_email`, `user`.`phone` AS `user_phone`, `user`.`date_birthday` AS `user_date_birthday`, `user`.`description` AS `user_description` FROM `user` `user` WHERE DATE_ADD(date_birthday, 
        INTERVAL YEAR(CURDATE())-YEAR(date_birthday)
                 + IF(DAYOFYEAR(CURDATE()) > DAYOFYEAR(date_birthday),1,0)
        YEAR)  
    BETWEEN CURDATE() AND DATE_ADD(CURDATE(), INTERVAL 365 DAY) ORDER BY date_birthday DESC
[2020-08-07T19:25:56.692Z][QUERY]: SELECT `user`.`id` AS `user_id`, `user`.`name` AS `user_name`, `user`.`lastname` AS `user_lastname`, `user`.`email` AS `user_email`, `user`.`phone` AS `user_phone`, `user`.`date_birthday` AS `user_date_birthday`, `user`.`description` AS `user_description` FROM `user` `user` WHERE DATE_ADD(date_birthday, 
        INTERVAL YEAR(CURDATE())-YEAR(date_birthday)
                 + IF(DAYOFYEAR(CURDATE()) > DAYOFYEAR(date_birthday),1,0)
        YEAR)  
    BETWEEN CURDATE() AND DATE_ADD(CURDATE(), INTERVAL 365 DAY) ORDER BY date_birthday DESC
[2020-08-07T19:26:06.744Z][QUERY]: SELECT `User`.`id` AS `User_id`, `User`.`name` AS `User_name`, `User`.`lastname` AS `User_lastname`, `User`.`email` AS `User_email`, `User`.`phone` AS `User_phone`, `User`.`date_birthday` AS `User_date_birthday`, `User`.`description` AS `User_description` FROM `user` `User`
[2020-08-07T19:26:35.579Z][QUERY]: SELECT `user`.`id` AS `user_id`, `user`.`name` AS `user_name`, `user`.`lastname` AS `user_lastname`, `user`.`email` AS `user_email`, `user`.`phone` AS `user_phone`, `user`.`date_birthday` AS `user_date_birthday`, `user`.`description` AS `user_description` FROM `user` `user` WHERE DATE_ADD(date_birthday, 
        INTERVAL YEAR(CURDATE())-YEAR(date_birthday)
                 + IF(DAYOFYEAR(CURDATE()) > DAYOFYEAR(date_birthday),1,0)
        YEAR)  
    BETWEEN CURDATE() AND DATE_ADD(CURDATE(), INTERVAL 365 DAY) ORDER BY date_birthday DESC
[2020-08-07T19:26:51.613Z][QUERY]: SELECT * FROM `INFORMATION_SCHEMA`.`COLUMNS` WHERE `TABLE_SCHEMA` = 'test' AND `TABLE_NAME` = 'migrations'
[2020-08-07T19:26:51.621Z][QUERY]: SELECT * FROM `test`.`migrations` `migrations` ORDER BY `id` DESC
[2020-08-07T19:26:54.273Z][QUERY]: SELECT `user`.`id` AS `user_id`, `user`.`name` AS `user_name`, `user`.`lastname` AS `user_lastname`, `user`.`email` AS `user_email`, `user`.`phone` AS `user_phone`, `user`.`date_birthday` AS `user_date_birthday`, `user`.`description` AS `user_description` FROM `user` `user` WHERE DATE_ADD(date_birthday, 
        INTERVAL YEAR(CURDATE())-YEAR(date_birthday)
                 + IF(DAYOFYEAR(CURDATE()) > DAYOFYEAR(date_birthday),1,0)
        YEAR)  
    BETWEEN CURDATE() AND DATE_ADD(CURDATE(), INTERVAL 200 DAY) ORDER BY date_birthday DESC
[2020-08-07T19:26:55.697Z][QUERY]: SELECT `user`.`id` AS `user_id`, `user`.`name` AS `user_name`, `user`.`lastname` AS `user_lastname`, `user`.`email` AS `user_email`, `user`.`phone` AS `user_phone`, `user`.`date_birthday` AS `user_date_birthday`, `user`.`description` AS `user_description` FROM `user` `user` WHERE DATE_ADD(date_birthday, 
        INTERVAL YEAR(CURDATE())-YEAR(date_birthday)
                 + IF(DAYOFYEAR(CURDATE()) > DAYOFYEAR(date_birthday),1,0)
        YEAR)  
    BETWEEN CURDATE() AND DATE_ADD(CURDATE(), INTERVAL 200 DAY) ORDER BY date_birthday DESC
[2020-08-07T19:26:56.331Z][QUERY]: SELECT `user`.`id` AS `user_id`, `user`.`name` AS `user_name`, `user`.`lastname` AS `user_lastname`, `user`.`email` AS `user_email`, `user`.`phone` AS `user_phone`, `user`.`date_birthday` AS `user_date_birthday`, `user`.`description` AS `user_description` FROM `user` `user` WHERE DATE_ADD(date_birthday, 
        INTERVAL YEAR(CURDATE())-YEAR(date_birthday)
                 + IF(DAYOFYEAR(CURDATE()) > DAYOFYEAR(date_birthday),1,0)
        YEAR)  
    BETWEEN CURDATE() AND DATE_ADD(CURDATE(), INTERVAL 200 DAY) ORDER BY date_birthday DESC
[2020-08-07T19:26:56.803Z][QUERY]: SELECT `user`.`id` AS `user_id`, `user`.`name` AS `user_name`, `user`.`lastname` AS `user_lastname`, `user`.`email` AS `user_email`, `user`.`phone` AS `user_phone`, `user`.`date_birthday` AS `user_date_birthday`, `user`.`description` AS `user_description` FROM `user` `user` WHERE DATE_ADD(date_birthday, 
        INTERVAL YEAR(CURDATE())-YEAR(date_birthday)
                 + IF(DAYOFYEAR(CURDATE()) > DAYOFYEAR(date_birthday),1,0)
        YEAR)  
    BETWEEN CURDATE() AND DATE_ADD(CURDATE(), INTERVAL 200 DAY) ORDER BY date_birthday DESC
[2020-08-07T19:27:07.829Z][QUERY]: SELECT `User`.`id` AS `User_id`, `User`.`name` AS `User_name`, `User`.`lastname` AS `User_lastname`, `User`.`email` AS `User_email`, `User`.`phone` AS `User_phone`, `User`.`date_birthday` AS `User_date_birthday`, `User`.`description` AS `User_description` FROM `user` `User`
[2020-08-07T19:27:15.812Z][QUERY]: SELECT `user`.`id` AS `user_id`, `user`.`name` AS `user_name`, `user`.`lastname` AS `user_lastname`, `user`.`email` AS `user_email`, `user`.`phone` AS `user_phone`, `user`.`date_birthday` AS `user_date_birthday`, `user`.`description` AS `user_description` FROM `user` `user` WHERE DATE_ADD(date_birthday, 
        INTERVAL YEAR(CURDATE())-YEAR(date_birthday)
                 + IF(DAYOFYEAR(CURDATE()) > DAYOFYEAR(date_birthday),1,0)
        YEAR)  
    BETWEEN CURDATE() AND DATE_ADD(CURDATE(), INTERVAL 200 DAY) ORDER BY date_birthday DESC
[2020-08-07T19:27:32.572Z][QUERY]: SELECT * FROM `INFORMATION_SCHEMA`.`COLUMNS` WHERE `TABLE_SCHEMA` = 'test' AND `TABLE_NAME` = 'migrations'
[2020-08-07T19:27:32.583Z][QUERY]: SELECT * FROM `test`.`migrations` `migrations` ORDER BY `id` DESC
[2020-08-07T19:31:11.030Z][QUERY]: SELECT * FROM `INFORMATION_SCHEMA`.`COLUMNS` WHERE `TABLE_SCHEMA` = 'test' AND `TABLE_NAME` = 'migrations'
[2020-08-07T19:31:11.043Z][QUERY]: SELECT * FROM `test`.`migrations` `migrations` ORDER BY `id` DESC
[2020-08-07T19:36:39.805Z][QUERY]: SELECT `user`.`id` AS `user_id`, `user`.`name` AS `user_name`, `user`.`lastname` AS `user_lastname`, `user`.`email` AS `user_email`, `user`.`phone` AS `user_phone`, `user`.`date_birthday` AS `user_date_birthday`, `user`.`description` AS `user_description` FROM `user` `user` WHERE DATE_ADD(date_birthday, 
        INTERVAL YEAR(CURDATE())-YEAR(date_birthday)
                 + IF(DAYOFYEAR(CURDATE()) > DAYOFYEAR(date_birthday),1,0)
        YEAR)  
    BETWEEN CURDATE() AND DATE_ADD(CURDATE(), INTERVAL 90 DAY) ORDER BY date_birthday DESC
[2020-08-07T19:36:59.446Z][QUERY]: SELECT `user`.`id` AS `user_id`, `user`.`name` AS `user_name`, `user`.`lastname` AS `user_lastname`, `user`.`email` AS `user_email`, `user`.`phone` AS `user_phone`, `user`.`date_birthday` AS `user_date_birthday`, `user`.`description` AS `user_description` FROM `user` `user` WHERE DATE_ADD(date_birthday, 
        INTERVAL YEAR(CURDATE())-YEAR(date_birthday)
                 + IF(DAYOFYEAR(CURDATE()) > DAYOFYEAR(date_birthday),1,0)
        YEAR)  
    BETWEEN CURDATE() AND DATE_ADD(CURDATE(), INTERVAL 90 DAY) ORDER BY date_birthday ASC
[2020-08-07T19:37:31.959Z][QUERY]: SELECT `user`.`id` AS `user_id`, `user`.`name` AS `user_name`, `user`.`lastname` AS `user_lastname`, `user`.`email` AS `user_email`, `user`.`phone` AS `user_phone`, `user`.`date_birthday` AS `user_date_birthday`, `user`.`description` AS `user_description` FROM `user` `user` WHERE DATE_ADD(date_birthday, 
        INTERVAL YEAR(CURDATE())-YEAR(date_birthday)
                 + IF(DAYOFYEAR(CURDATE()) > DAYOFYEAR(date_birthday),1,0)
        YEAR)  
    BETWEEN CURDATE() AND DATE_ADD(CURDATE(), INTERVAL 180 DAY) ORDER BY date_birthday ASC
[2020-08-07T19:37:44.159Z][QUERY]: SELECT `user`.`id` AS `user_id`, `user`.`name` AS `user_name`, `user`.`lastname` AS `user_lastname`, `user`.`email` AS `user_email`, `user`.`phone` AS `user_phone`, `user`.`date_birthday` AS `user_date_birthday`, `user`.`description` AS `user_description` FROM `user` `user` WHERE DATE_ADD(date_birthday, 
        INTERVAL YEAR(CURDATE())-YEAR(date_birthday)
                 + IF(DAYOFYEAR(CURDATE()) > DAYOFYEAR(date_birthday),1,0)
        YEAR)  
    BETWEEN CURDATE() AND DATE_ADD(CURDATE(), INTERVAL 200 DAY) ORDER BY date_birthday ASC
[2020-08-07T19:38:09.075Z][QUERY]: SELECT `user`.`id` AS `user_id`, `user`.`name` AS `user_name`, `user`.`lastname` AS `user_lastname`, `user`.`email` AS `user_email`, `user`.`phone` AS `user_phone`, `user`.`date_birthday` AS `user_date_birthday`, `user`.`description` AS `user_description` FROM `user` `user` WHERE DATE_ADD(date_birthday, 
        INTERVAL YEAR(CURDATE())-YEAR(date_birthday)
                 + IF(DAYOFYEAR(CURDATE()) > DAYOFYEAR(date_birthday),1,0)
        YEAR)  
    BETWEEN CURDATE() AND DATE_ADD(CURDATE(), INTERVAL 200 DAY) ORDER BY date_birthday ASC
[2020-08-07T19:39:03.455Z][QUERY]: SELECT `user`.`id` AS `user_id`, `user`.`name` AS `user_name`, `user`.`lastname` AS `user_lastname`, `user`.`email` AS `user_email`, `user`.`phone` AS `user_phone`, `user`.`date_birthday` AS `user_date_birthday`, `user`.`description` AS `user_description` FROM `user` `user` WHERE DATE_ADD(date_birthday, 
        INTERVAL YEAR(CURDATE())-YEAR(date_birthday)
                 + IF(DAYOFYEAR(CURDATE()) > DAYOFYEAR(date_birthday),1,0)
        YEAR)  
    BETWEEN CURDATE() AND DATE_ADD(CURDATE(), INTERVAL 200 DAY) ORDER BY date_birthday DESC
[2020-08-07T19:40:46.010Z][QUERY]: SELECT `user`.`id` AS `user_id`, `user`.`name` AS `user_name`, `user`.`lastname` AS `user_lastname`, `user`.`email` AS `user_email`, `user`.`phone` AS `user_phone`, `user`.`date_birthday` AS `user_date_birthday`, `user`.`description` AS `user_description` FROM `user` `user` WHERE DATE_ADD(date_birthday, 
        INTERVAL YEAR(CURDATE())-YEAR(date_birthday)
                 + IF(DAYOFYEAR(CURDATE()) >= DAYOFYEAR(date_birthday),1,0)
        YEAR)  
    BETWEEN CURDATE() AND DATE_ADD(CURDATE(), INTERVAL 18 DAY) ORDER BY date_birthday DESC
[2020-08-07T19:40:55.690Z][QUERY]: SELECT `user`.`id` AS `user_id`, `user`.`name` AS `user_name`, `user`.`lastname` AS `user_lastname`, `user`.`email` AS `user_email`, `user`.`phone` AS `user_phone`, `user`.`date_birthday` AS `user_date_birthday`, `user`.`description` AS `user_description` FROM `user` `user` WHERE DATE_ADD(date_birthday, 
        INTERVAL YEAR(CURDATE())-YEAR(date_birthday)
                 + IF(DAYOFYEAR(CURDATE()) >= DAYOFYEAR(date_birthday),1,0)
        YEAR)  
    BETWEEN CURDATE() AND DATE_ADD(CURDATE(), INTERVAL 365 DAY) ORDER BY date_birthday DESC
[2020-08-07T19:43:15.158Z][QUERY]: SELECT `user`.`id` AS `user_id`, `user`.`name` AS `user_name`, `user`.`lastname` AS `user_lastname`, `user`.`email` AS `user_email`, `user`.`phone` AS `user_phone`, `user`.`date_birthday` AS `user_date_birthday`, `user`.`description` AS `user_description` FROM `user` `user` WHERE DATE_ADD(date_birthday, 
        INTERVAL YEAR(CURDATE())-YEAR(date_birthday)
                 + IF(DAYOFYEAR(CURDATE()) >= DAYOFYEAR(date_birthday),1,0) )  
    BETWEEN CURDATE() AND DATE_ADD(CURDATE(), INTERVAL 365 DAY) ORDER BY date_birthday DESC
[2020-08-07T19:43:15.232Z][FAILED QUERY]: SELECT `user`.`id` AS `user_id`, `user`.`name` AS `user_name`, `user`.`lastname` AS `user_lastname`, `user`.`email` AS `user_email`, `user`.`phone` AS `user_phone`, `user`.`date_birthday` AS `user_date_birthday`, `user`.`description` AS `user_description` FROM `user` `user` WHERE DATE_ADD(date_birthday, 
        INTERVAL YEAR(CURDATE())-YEAR(date_birthday)
                 + IF(DAYOFYEAR(CURDATE()) >= DAYOFYEAR(date_birthday),1,0) )  
    BETWEEN CURDATE() AND DATE_ADD(CURDATE(), INTERVAL 365 DAY) ORDER BY date_birthday DESC
[2020-08-07T19:43:15.232Z][QUERY ERROR]: Error: ER_PARSE_ERROR: You have an error in your SQL syntax; check the manual that corresponds to your MySQL server version for the right syntax to use near ')  
    BETWEEN CURDATE() AND DATE_ADD(CURDATE(), INTERVAL 365 DAY) ORDER BY dat' at line 3
[2020-08-07T19:43:55.380Z][QUERY]: SELECT `user`.`id` AS `user_id`, `user`.`name` AS `user_name`, `user`.`lastname` AS `user_lastname`, `user`.`email` AS `user_email`, `user`.`phone` AS `user_phone`, `user`.`date_birthday` AS `user_date_birthday`, `user`.`description` AS `user_description` FROM `user` `user` WHERE DATE_ADD(date_birthday, 
        INTERVAL YEAR(CURDATE())-YEAR(date_birthday)
                 + IF(DAYOFYEAR(CURDATE()) >= DAYOFYEAR(date_birthday),1,0) +
                 IF (DAYOFYEAR(date_birthday,1,0) <= DAYOFYEAR(CURDATE()))
        YEAR)  
    BETWEEN CURDATE() AND DATE_ADD(CURDATE(), INTERVAL 365 DAY) ORDER BY date_birthday DESC
[2020-08-07T19:43:55.460Z][FAILED QUERY]: SELECT `user`.`id` AS `user_id`, `user`.`name` AS `user_name`, `user`.`lastname` AS `user_lastname`, `user`.`email` AS `user_email`, `user`.`phone` AS `user_phone`, `user`.`date_birthday` AS `user_date_birthday`, `user`.`description` AS `user_description` FROM `user` `user` WHERE DATE_ADD(date_birthday, 
        INTERVAL YEAR(CURDATE())-YEAR(date_birthday)
                 + IF(DAYOFYEAR(CURDATE()) >= DAYOFYEAR(date_birthday),1,0) +
                 IF (DAYOFYEAR(date_birthday,1,0) <= DAYOFYEAR(CURDATE()))
        YEAR)  
    BETWEEN CURDATE() AND DATE_ADD(CURDATE(), INTERVAL 365 DAY) ORDER BY date_birthday DESC
[2020-08-07T19:43:55.460Z][QUERY ERROR]: Error: ER_WRONG_PARAMCOUNT_TO_NATIVE_FCT: Incorrect parameter count in the call to native function 'DAYOFYEAR'
[2020-08-07T19:44:17.663Z][QUERY]: SELECT `user`.`id` AS `user_id`, `user`.`name` AS `user_name`, `user`.`lastname` AS `user_lastname`, `user`.`email` AS `user_email`, `user`.`phone` AS `user_phone`, `user`.`date_birthday` AS `user_date_birthday`, `user`.`description` AS `user_description` FROM `user` `user` WHERE DATE_ADD(date_birthday, 
        INTERVAL YEAR(CURDATE())-YEAR(date_birthday)
                 + IF(DAYOFYEAR(CURDATE()) >= DAYOFYEAR(date_birthday),1,0) +
                 IF (DAYOFYEAR(date_birthday,1,0) <= DAYOFYEAR(CURDATE())
        YEAR)  
    BETWEEN CURDATE() AND DATE_ADD(CURDATE(), INTERVAL 365 DAY) ORDER BY date_birthday DESC
[2020-08-07T19:44:17.722Z][FAILED QUERY]: SELECT `user`.`id` AS `user_id`, `user`.`name` AS `user_name`, `user`.`lastname` AS `user_lastname`, `user`.`email` AS `user_email`, `user`.`phone` AS `user_phone`, `user`.`date_birthday` AS `user_date_birthday`, `user`.`description` AS `user_description` FROM `user` `user` WHERE DATE_ADD(date_birthday, 
        INTERVAL YEAR(CURDATE())-YEAR(date_birthday)
                 + IF(DAYOFYEAR(CURDATE()) >= DAYOFYEAR(date_birthday),1,0) +
                 IF (DAYOFYEAR(date_birthday,1,0) <= DAYOFYEAR(CURDATE())
        YEAR)  
    BETWEEN CURDATE() AND DATE_ADD(CURDATE(), INTERVAL 365 DAY) ORDER BY date_birthday DESC
[2020-08-07T19:44:17.722Z][QUERY ERROR]: Error: ER_WRONG_PARAMCOUNT_TO_NATIVE_FCT: Incorrect parameter count in the call to native function 'DAYOFYEAR'
[2020-08-07T19:45:51.546Z][QUERY]: SELECT `user`.`id` AS `user_id`, `user`.`name` AS `user_name`, `user`.`lastname` AS `user_lastname`, `user`.`email` AS `user_email`, `user`.`phone` AS `user_phone`, `user`.`date_birthday` AS `user_date_birthday`, `user`.`description` AS `user_description` FROM `user` `user` WHERE DATE_ADD(date_birthday, 
        INTERVAL YEAR(CURDATE())-YEAR(date_birthday)
                 + IF(DAYOFYEAR(CURDATE()) > DAYOFYEAR(date_birthday),1,0 || DAYOFYEAR(CURDATE()) < DAYOFYEAR(date_birthday),1,0) +
        YEAR)  
    BETWEEN CURDATE() AND DATE_ADD(CURDATE(), INTERVAL 365 DAY) ORDER BY date_birthday DESC
[2020-08-07T19:45:51.618Z][FAILED QUERY]: SELECT `user`.`id` AS `user_id`, `user`.`name` AS `user_name`, `user`.`lastname` AS `user_lastname`, `user`.`email` AS `user_email`, `user`.`phone` AS `user_phone`, `user`.`date_birthday` AS `user_date_birthday`, `user`.`description` AS `user_description` FROM `user` `user` WHERE DATE_ADD(date_birthday, 
        INTERVAL YEAR(CURDATE())-YEAR(date_birthday)
                 + IF(DAYOFYEAR(CURDATE()) > DAYOFYEAR(date_birthday),1,0 || DAYOFYEAR(CURDATE()) < DAYOFYEAR(date_birthday),1,0) +
        YEAR)  
    BETWEEN CURDATE() AND DATE_ADD(CURDATE(), INTERVAL 365 DAY) ORDER BY date_birthday DESC
[2020-08-07T19:45:51.618Z][QUERY ERROR]: Error: ER_PARSE_ERROR: You have an error in your SQL syntax; check the manual that corresponds to your MySQL server version for the right syntax to use near '1,0) +
        YEAR)  
    BETWEEN CURDATE() AND DATE_ADD(CURDATE(), INTERVAL 36' at line 3
[2020-08-07T19:46:17.582Z][QUERY]: SELECT `user`.`id` AS `user_id`, `user`.`name` AS `user_name`, `user`.`lastname` AS `user_lastname`, `user`.`email` AS `user_email`, `user`.`phone` AS `user_phone`, `user`.`date_birthday` AS `user_date_birthday`, `user`.`description` AS `user_description` FROM `user` `user` WHERE DATE_ADD(date_birthday, 
        INTERVAL YEAR(CURDATE())-YEAR(date_birthday)
                 + IF(DAYOFYEAR(CURDATE()) > DAYOFYEAR(date_birthday),1,0 AND DAYOFYEAR(CURDATE()) < DAYOFYEAR(date_birthday)) +
        YEAR)  
    BETWEEN CURDATE() AND DATE_ADD(CURDATE(), INTERVAL 365 DAY) ORDER BY date_birthday DESC
[2020-08-07T19:46:17.649Z][FAILED QUERY]: SELECT `user`.`id` AS `user_id`, `user`.`name` AS `user_name`, `user`.`lastname` AS `user_lastname`, `user`.`email` AS `user_email`, `user`.`phone` AS `user_phone`, `user`.`date_birthday` AS `user_date_birthday`, `user`.`description` AS `user_description` FROM `user` `user` WHERE DATE_ADD(date_birthday, 
        INTERVAL YEAR(CURDATE())-YEAR(date_birthday)
                 + IF(DAYOFYEAR(CURDATE()) > DAYOFYEAR(date_birthday),1,0 AND DAYOFYEAR(CURDATE()) < DAYOFYEAR(date_birthday)) +
        YEAR)  
    BETWEEN CURDATE() AND DATE_ADD(CURDATE(), INTERVAL 365 DAY) ORDER BY date_birthday DESC
[2020-08-07T19:46:17.649Z][QUERY ERROR]: Error: ER_PARSE_ERROR: You have an error in your SQL syntax; check the manual that corresponds to your MySQL server version for the right syntax to use near ')  
    BETWEEN CURDATE() AND DATE_ADD(CURDATE(), INTERVAL 365 DAY) ORDER BY dat' at line 4
[2020-08-07T19:46:38.556Z][QUERY]: SELECT `user`.`id` AS `user_id`, `user`.`name` AS `user_name`, `user`.`lastname` AS `user_lastname`, `user`.`email` AS `user_email`, `user`.`phone` AS `user_phone`, `user`.`date_birthday` AS `user_date_birthday`, `user`.`description` AS `user_description` FROM `user` `user` WHERE DATE_ADD(date_birthday, 
        INTERVAL YEAR(CURDATE())-YEAR(date_birthday)
                 + IF(DAYOFYEAR(CURDATE()) > DAYOFYEAR(date_birthday) AND DAYOFYEAR(CURDATE()) < DAYOFYEAR(date_birthday)) +
        YEAR)  
    BETWEEN CURDATE() AND DATE_ADD(CURDATE(), INTERVAL 365 DAY) ORDER BY date_birthday DESC
[2020-08-07T19:46:38.635Z][FAILED QUERY]: SELECT `user`.`id` AS `user_id`, `user`.`name` AS `user_name`, `user`.`lastname` AS `user_lastname`, `user`.`email` AS `user_email`, `user`.`phone` AS `user_phone`, `user`.`date_birthday` AS `user_date_birthday`, `user`.`description` AS `user_description` FROM `user` `user` WHERE DATE_ADD(date_birthday, 
        INTERVAL YEAR(CURDATE())-YEAR(date_birthday)
                 + IF(DAYOFYEAR(CURDATE()) > DAYOFYEAR(date_birthday) AND DAYOFYEAR(CURDATE()) < DAYOFYEAR(date_birthday)) +
        YEAR)  
    BETWEEN CURDATE() AND DATE_ADD(CURDATE(), INTERVAL 365 DAY) ORDER BY date_birthday DESC
[2020-08-07T19:46:38.635Z][QUERY ERROR]: Error: ER_PARSE_ERROR: You have an error in your SQL syntax; check the manual that corresponds to your MySQL server version for the right syntax to use near ') +
        YEAR)  
    BETWEEN CURDATE() AND DATE_ADD(CURDATE(), INTERVAL 365 D' at line 3
[2020-08-07T19:46:54.829Z][QUERY]: SELECT `user`.`id` AS `user_id`, `user`.`name` AS `user_name`, `user`.`lastname` AS `user_lastname`, `user`.`email` AS `user_email`, `user`.`phone` AS `user_phone`, `user`.`date_birthday` AS `user_date_birthday`, `user`.`description` AS `user_description` FROM `user` `user` WHERE DATE_ADD(date_birthday, 
        INTERVAL YEAR(CURDATE())-YEAR(date_birthday)
                 + IF(DAYOFYEAR(CURDATE()) > DAYOFYEAR(date_birthday) AND DAYOFYEAR(CURDATE()) < DAYOFYEAR(date_birthday))
        YEAR)  
    BETWEEN CURDATE() AND DATE_ADD(CURDATE(), INTERVAL 365 DAY) ORDER BY date_birthday DESC
[2020-08-07T19:46:54.980Z][FAILED QUERY]: SELECT `user`.`id` AS `user_id`, `user`.`name` AS `user_name`, `user`.`lastname` AS `user_lastname`, `user`.`email` AS `user_email`, `user`.`phone` AS `user_phone`, `user`.`date_birthday` AS `user_date_birthday`, `user`.`description` AS `user_description` FROM `user` `user` WHERE DATE_ADD(date_birthday, 
        INTERVAL YEAR(CURDATE())-YEAR(date_birthday)
                 + IF(DAYOFYEAR(CURDATE()) > DAYOFYEAR(date_birthday) AND DAYOFYEAR(CURDATE()) < DAYOFYEAR(date_birthday))
        YEAR)  
    BETWEEN CURDATE() AND DATE_ADD(CURDATE(), INTERVAL 365 DAY) ORDER BY date_birthday DESC
[2020-08-07T19:46:54.980Z][QUERY ERROR]: Error: ER_PARSE_ERROR: You have an error in your SQL syntax; check the manual that corresponds to your MySQL server version for the right syntax to use near ')
        YEAR)  
    BETWEEN CURDATE() AND DATE_ADD(CURDATE(), INTERVAL 365 DAY' at line 3
[2020-08-07T19:47:20.865Z][QUERY]: SELECT `user`.`id` AS `user_id`, `user`.`name` AS `user_name`, `user`.`lastname` AS `user_lastname`, `user`.`email` AS `user_email`, `user`.`phone` AS `user_phone`, `user`.`date_birthday` AS `user_date_birthday`, `user`.`description` AS `user_description` FROM `user` `user` WHERE DATE_ADD(date_birthday, 
        INTERVAL YEAR(CURDATE())-YEAR(date_birthday)
                 + IF(DAYOFYEAR(CURDATE()) > DAYOFYEAR(date_birthday) AND DAYOFYEAR(CURDATE()) < DAYOFYEAR(date_birthday),1,0)
        YEAR)  
    BETWEEN CURDATE() AND DATE_ADD(CURDATE(), INTERVAL 365 DAY) ORDER BY date_birthday DESC
[2020-08-07T19:47:35.016Z][QUERY]: SELECT `user`.`id` AS `user_id`, `user`.`name` AS `user_name`, `user`.`lastname` AS `user_lastname`, `user`.`email` AS `user_email`, `user`.`phone` AS `user_phone`, `user`.`date_birthday` AS `user_date_birthday`, `user`.`description` AS `user_description` FROM `user` `user` WHERE DATE_ADD(date_birthday, 
        INTERVAL YEAR(CURDATE())-YEAR(date_birthday)
                 + IF(DAYOFYEAR(CURDATE()) > DAYOFYEAR(date_birthday) AND DAYOFYEAR(CURDATE()) < DAYOFYEAR(date_birthday),1,0)
        YEAR)  
    BETWEEN CURDATE() AND DATE_ADD(CURDATE(), INTERVAL 365 DAY) ORDER BY date_birthday ASC
[2020-08-07T19:49:49.716Z][QUERY]: SELECT `user`.`id` AS `user_id`, `user`.`name` AS `user_name`, `user`.`lastname` AS `user_lastname`, `user`.`email` AS `user_email`, `user`.`phone` AS `user_phone`, `user`.`date_birthday` AS `user_date_birthday`, `user`.`description` AS `user_description` FROM `user` `user` WHERE DATE_ADD(date_birthday, 
        INTERVAL YEAR(CURDATE())-YEAR(date_birthday)
                 + IF(DAYOFYEAR(CURDATE()) > DAYOFYEAR(date_birthday) AND DAYOFYEAR(CURDATE()) < DAYOFYEAR(date_birthday),1,0)
        YEAR)  
    BETWEEN CURDATE() AND DATE_ADD(CURDATE(), INTERVAL 365 DAY) ORDER BY date_birthday ASC
[2020-08-07T19:54:57.956Z][QUERY]: SELECT * FROM `INFORMATION_SCHEMA`.`COLUMNS` WHERE `TABLE_SCHEMA` = 'test' AND `TABLE_NAME` = 'migrations'
[2020-08-07T19:54:57.972Z][QUERY]: SELECT * FROM `test`.`migrations` `migrations` ORDER BY `id` DESC
[2020-08-07T19:54:57.974Z]No migrations are pending
[2020-08-07T19:55:22.875Z][QUERY]: START TRANSACTION
[2020-08-07T19:55:22.881Z][QUERY]: SELECT DATABASE() AS `db_name`
[2020-08-07T19:55:22.885Z][QUERY]: SELECT * FROM `INFORMATION_SCHEMA`.`TABLES` WHERE (`TABLE_SCHEMA` = 'test' AND `TABLE_NAME` = 'user')
[2020-08-07T19:55:22.886Z][QUERY]: SELECT * FROM `INFORMATION_SCHEMA`.`COLUMNS` WHERE (`TABLE_SCHEMA` = 'test' AND `TABLE_NAME` = 'user')
[2020-08-07T19:55:22.887Z][QUERY]: SELECT * FROM `INFORMATION_SCHEMA`.`KEY_COLUMN_USAGE` WHERE `CONSTRAINT_NAME` = 'PRIMARY' AND ((`TABLE_SCHEMA` = 'test' AND `TABLE_NAME` = 'user'))
[2020-08-07T19:55:22.889Z][QUERY]: SELECT `SCHEMA_NAME`, `DEFAULT_CHARACTER_SET_NAME` as `CHARSET`, `DEFAULT_COLLATION_NAME` AS `COLLATION` FROM `INFORMATION_SCHEMA`.`SCHEMATA`
[2020-08-07T19:55:22.890Z][QUERY]: SELECT `s`.* FROM `INFORMATION_SCHEMA`.`STATISTICS` `s` LEFT JOIN `INFORMATION_SCHEMA`.`REFERENTIAL_CONSTRAINTS` `rc` ON `s`.`INDEX_NAME` = `rc`.`CONSTRAINT_NAME` WHERE ((`s`.`TABLE_SCHEMA` = 'test' AND `s`.`TABLE_NAME` = 'user')) AND `s`.`INDEX_NAME` != 'PRIMARY' AND `rc`.`CONSTRAINT_NAME` IS NULL
[2020-08-07T19:55:22.891Z][QUERY]: SELECT `kcu`.`TABLE_SCHEMA`, `kcu`.`TABLE_NAME`, `kcu`.`CONSTRAINT_NAME`, `kcu`.`COLUMN_NAME`, `kcu`.`REFERENCED_TABLE_SCHEMA`, `kcu`.`REFERENCED_TABLE_NAME`, `kcu`.`REFERENCED_COLUMN_NAME`, `rc`.`DELETE_RULE` `ON_DELETE`, `rc`.`UPDATE_RULE` `ON_UPDATE` FROM `INFORMATION_SCHEMA`.`KEY_COLUMN_USAGE` `kcu` INNER JOIN `INFORMATION_SCHEMA`.`REFERENTIAL_CONSTRAINTS` `rc` ON `rc`.`constraint_name` = `kcu`.`constraint_name` WHERE (`kcu`.`TABLE_SCHEMA` = 'test' AND `kcu`.`TABLE_NAME` = 'user')
[2020-08-07T19:55:22.943Z][QUERY]: SELECT VERSION() AS `version`
[2020-08-07T19:55:22.947Z][QUERY]: SELECT * FROM `INFORMATION_SCHEMA`.`COLUMNS` WHERE `TABLE_SCHEMA` = 'test' AND `TABLE_NAME` = 'typeorm_metadata'
[2020-08-07T19:55:22.956Z][QUERY]: COMMIT
[2020-08-07T19:55:22.959Z][QUERY]: SELECT * FROM `INFORMATION_SCHEMA`.`COLUMNS` WHERE `TABLE_SCHEMA` = 'test' AND `TABLE_NAME` = 'migrations'
[2020-08-07T19:55:22.969Z][QUERY]: SELECT * FROM `test`.`migrations` `migrations` ORDER BY `id` DESC
[2020-08-07T19:55:25.907Z][QUERY]: SELECT * FROM `INFORMATION_SCHEMA`.`COLUMNS` WHERE `TABLE_SCHEMA` = 'test' AND `TABLE_NAME` = 'migrations'
[2020-08-07T19:55:25.917Z][QUERY]: SELECT * FROM `test`.`migrations` `migrations` ORDER BY `id` DESC
[2020-08-07T19:55:25.919Z]No migrations are pending
[2020-08-07T19:56:03.616Z][QUERY]: START TRANSACTION
[2020-08-07T19:56:03.618Z][QUERY]: SELECT DATABASE() AS `db_name`
[2020-08-07T19:56:03.620Z][QUERY]: SELECT * FROM `INFORMATION_SCHEMA`.`TABLES` WHERE (`TABLE_SCHEMA` = 'test' AND `TABLE_NAME` = 'user')
[2020-08-07T19:56:03.621Z][QUERY]: SELECT * FROM `INFORMATION_SCHEMA`.`COLUMNS` WHERE (`TABLE_SCHEMA` = 'test' AND `TABLE_NAME` = 'user')
[2020-08-07T19:56:03.621Z][QUERY]: SELECT * FROM `INFORMATION_SCHEMA`.`KEY_COLUMN_USAGE` WHERE `CONSTRAINT_NAME` = 'PRIMARY' AND ((`TABLE_SCHEMA` = 'test' AND `TABLE_NAME` = 'user'))
[2020-08-07T19:56:03.622Z][QUERY]: SELECT `SCHEMA_NAME`, `DEFAULT_CHARACTER_SET_NAME` as `CHARSET`, `DEFAULT_COLLATION_NAME` AS `COLLATION` FROM `INFORMATION_SCHEMA`.`SCHEMATA`
[2020-08-07T19:56:03.622Z][QUERY]: SELECT `s`.* FROM `INFORMATION_SCHEMA`.`STATISTICS` `s` LEFT JOIN `INFORMATION_SCHEMA`.`REFERENTIAL_CONSTRAINTS` `rc` ON `s`.`INDEX_NAME` = `rc`.`CONSTRAINT_NAME` WHERE ((`s`.`TABLE_SCHEMA` = 'test' AND `s`.`TABLE_NAME` = 'user')) AND `s`.`INDEX_NAME` != 'PRIMARY' AND `rc`.`CONSTRAINT_NAME` IS NULL
[2020-08-07T19:56:03.622Z][QUERY]: SELECT `kcu`.`TABLE_SCHEMA`, `kcu`.`TABLE_NAME`, `kcu`.`CONSTRAINT_NAME`, `kcu`.`COLUMN_NAME`, `kcu`.`REFERENCED_TABLE_SCHEMA`, `kcu`.`REFERENCED_TABLE_NAME`, `kcu`.`REFERENCED_COLUMN_NAME`, `rc`.`DELETE_RULE` `ON_DELETE`, `rc`.`UPDATE_RULE` `ON_UPDATE` FROM `INFORMATION_SCHEMA`.`KEY_COLUMN_USAGE` `kcu` INNER JOIN `INFORMATION_SCHEMA`.`REFERENTIAL_CONSTRAINTS` `rc` ON `rc`.`constraint_name` = `kcu`.`constraint_name` WHERE (`kcu`.`TABLE_SCHEMA` = 'test' AND `kcu`.`TABLE_NAME` = 'user')
[2020-08-07T19:56:03.681Z][QUERY]: SELECT VERSION() AS `version`
[2020-08-07T19:56:03.684Z][QUERY]: SELECT * FROM `INFORMATION_SCHEMA`.`COLUMNS` WHERE `TABLE_SCHEMA` = 'test' AND `TABLE_NAME` = 'typeorm_metadata'
[2020-08-07T19:56:03.692Z][QUERY]: ALTER TABLE `user` CHANGE `name` `name` varchar(150) NULL
[2020-08-07T19:56:03.713Z][QUERY]: ALTER TABLE `user` CHANGE `lastname` `lastname` varchar(150) NULL
[2020-08-07T19:56:03.724Z][QUERY]: ALTER TABLE `user` CHANGE `email` `email` varchar(150) NULL
[2020-08-07T19:56:03.736Z][QUERY]: COMMIT
[2020-08-07T19:56:03.739Z][QUERY]: SELECT * FROM `INFORMATION_SCHEMA`.`COLUMNS` WHERE `TABLE_SCHEMA` = 'test' AND `TABLE_NAME` = 'migrations'
[2020-08-07T19:56:03.747Z][QUERY]: SELECT * FROM `test`.`migrations` `migrations` ORDER BY `id` DESC
[2020-08-07T19:58:45.248Z][QUERY]: START TRANSACTION
[2020-08-07T19:58:45.253Z][QUERY]: SELECT DATABASE() AS `db_name`
[2020-08-07T19:58:45.256Z][QUERY]: SELECT * FROM `INFORMATION_SCHEMA`.`TABLES` WHERE (`TABLE_SCHEMA` = 'test' AND `TABLE_NAME` = 'user')
[2020-08-07T19:58:45.259Z][QUERY]: SELECT * FROM `INFORMATION_SCHEMA`.`COLUMNS` WHERE (`TABLE_SCHEMA` = 'test' AND `TABLE_NAME` = 'user')
[2020-08-07T19:58:45.261Z][QUERY]: SELECT * FROM `INFORMATION_SCHEMA`.`KEY_COLUMN_USAGE` WHERE `CONSTRAINT_NAME` = 'PRIMARY' AND ((`TABLE_SCHEMA` = 'test' AND `TABLE_NAME` = 'user'))
[2020-08-07T19:58:45.263Z][QUERY]: SELECT `SCHEMA_NAME`, `DEFAULT_CHARACTER_SET_NAME` as `CHARSET`, `DEFAULT_COLLATION_NAME` AS `COLLATION` FROM `INFORMATION_SCHEMA`.`SCHEMATA`
[2020-08-07T19:58:45.265Z][QUERY]: SELECT `s`.* FROM `INFORMATION_SCHEMA`.`STATISTICS` `s` LEFT JOIN `INFORMATION_SCHEMA`.`REFERENTIAL_CONSTRAINTS` `rc` ON `s`.`INDEX_NAME` = `rc`.`CONSTRAINT_NAME` WHERE ((`s`.`TABLE_SCHEMA` = 'test' AND `s`.`TABLE_NAME` = 'user')) AND `s`.`INDEX_NAME` != 'PRIMARY' AND `rc`.`CONSTRAINT_NAME` IS NULL
[2020-08-07T19:58:45.270Z][QUERY]: SELECT `kcu`.`TABLE_SCHEMA`, `kcu`.`TABLE_NAME`, `kcu`.`CONSTRAINT_NAME`, `kcu`.`COLUMN_NAME`, `kcu`.`REFERENCED_TABLE_SCHEMA`, `kcu`.`REFERENCED_TABLE_NAME`, `kcu`.`REFERENCED_COLUMN_NAME`, `rc`.`DELETE_RULE` `ON_DELETE`, `rc`.`UPDATE_RULE` `ON_UPDATE` FROM `INFORMATION_SCHEMA`.`KEY_COLUMN_USAGE` `kcu` INNER JOIN `INFORMATION_SCHEMA`.`REFERENTIAL_CONSTRAINTS` `rc` ON `rc`.`constraint_name` = `kcu`.`constraint_name` WHERE (`kcu`.`TABLE_SCHEMA` = 'test' AND `kcu`.`TABLE_NAME` = 'user')
[2020-08-07T19:58:45.359Z][QUERY]: SELECT VERSION() AS `version`
[2020-08-07T19:58:45.363Z][QUERY]: SELECT * FROM `INFORMATION_SCHEMA`.`COLUMNS` WHERE `TABLE_SCHEMA` = 'test' AND `TABLE_NAME` = 'typeorm_metadata'
[2020-08-07T19:58:45.373Z][QUERY]: COMMIT
[2020-08-07T19:58:45.376Z][QUERY]: SELECT * FROM `INFORMATION_SCHEMA`.`COLUMNS` WHERE `TABLE_SCHEMA` = 'test' AND `TABLE_NAME` = 'migrations'
[2020-08-07T19:58:45.386Z][QUERY]: SELECT * FROM `test`.`migrations` `migrations` ORDER BY `id` DESC
[2020-08-07T19:59:01.361Z][QUERY]: START TRANSACTION
[2020-08-07T19:59:01.364Z][QUERY]: SELECT DATABASE() AS `db_name`
[2020-08-07T19:59:01.368Z][QUERY]: SELECT * FROM `INFORMATION_SCHEMA`.`TABLES` WHERE (`TABLE_SCHEMA` = 'test' AND `TABLE_NAME` = 'user')
[2020-08-07T19:59:01.370Z][QUERY]: SELECT * FROM `INFORMATION_SCHEMA`.`COLUMNS` WHERE (`TABLE_SCHEMA` = 'test' AND `TABLE_NAME` = 'user')
[2020-08-07T19:59:01.371Z][QUERY]: SELECT * FROM `INFORMATION_SCHEMA`.`KEY_COLUMN_USAGE` WHERE `CONSTRAINT_NAME` = 'PRIMARY' AND ((`TABLE_SCHEMA` = 'test' AND `TABLE_NAME` = 'user'))
[2020-08-07T19:59:01.371Z][QUERY]: SELECT `SCHEMA_NAME`, `DEFAULT_CHARACTER_SET_NAME` as `CHARSET`, `DEFAULT_COLLATION_NAME` AS `COLLATION` FROM `INFORMATION_SCHEMA`.`SCHEMATA`
[2020-08-07T19:59:01.372Z][QUERY]: SELECT `s`.* FROM `INFORMATION_SCHEMA`.`STATISTICS` `s` LEFT JOIN `INFORMATION_SCHEMA`.`REFERENTIAL_CONSTRAINTS` `rc` ON `s`.`INDEX_NAME` = `rc`.`CONSTRAINT_NAME` WHERE ((`s`.`TABLE_SCHEMA` = 'test' AND `s`.`TABLE_NAME` = 'user')) AND `s`.`INDEX_NAME` != 'PRIMARY' AND `rc`.`CONSTRAINT_NAME` IS NULL
[2020-08-07T19:59:01.373Z][QUERY]: SELECT `kcu`.`TABLE_SCHEMA`, `kcu`.`TABLE_NAME`, `kcu`.`CONSTRAINT_NAME`, `kcu`.`COLUMN_NAME`, `kcu`.`REFERENCED_TABLE_SCHEMA`, `kcu`.`REFERENCED_TABLE_NAME`, `kcu`.`REFERENCED_COLUMN_NAME`, `rc`.`DELETE_RULE` `ON_DELETE`, `rc`.`UPDATE_RULE` `ON_UPDATE` FROM `INFORMATION_SCHEMA`.`KEY_COLUMN_USAGE` `kcu` INNER JOIN `INFORMATION_SCHEMA`.`REFERENTIAL_CONSTRAINTS` `rc` ON `rc`.`constraint_name` = `kcu`.`constraint_name` WHERE (`kcu`.`TABLE_SCHEMA` = 'test' AND `kcu`.`TABLE_NAME` = 'user')
[2020-08-07T19:59:01.422Z][QUERY]: SELECT VERSION() AS `version`
[2020-08-07T19:59:01.424Z][QUERY]: SELECT * FROM `INFORMATION_SCHEMA`.`COLUMNS` WHERE `TABLE_SCHEMA` = 'test' AND `TABLE_NAME` = 'typeorm_metadata'
[2020-08-07T19:59:01.430Z][QUERY]: COMMIT
[2020-08-07T19:59:01.433Z][QUERY]: SELECT * FROM `INFORMATION_SCHEMA`.`COLUMNS` WHERE `TABLE_SCHEMA` = 'test' AND `TABLE_NAME` = 'migrations'
[2020-08-07T19:59:01.439Z][QUERY]: SELECT * FROM `test`.`migrations` `migrations` ORDER BY `id` DESC
[2020-08-07T19:59:53.170Z][QUERY]: START TRANSACTION
[2020-08-07T19:59:53.172Z][QUERY]: SELECT DATABASE() AS `db_name`
[2020-08-07T19:59:53.174Z][QUERY]: SELECT * FROM `INFORMATION_SCHEMA`.`TABLES` WHERE (`TABLE_SCHEMA` = 'test' AND `TABLE_NAME` = 'user')
[2020-08-07T19:59:53.175Z][QUERY]: SELECT * FROM `INFORMATION_SCHEMA`.`COLUMNS` WHERE (`TABLE_SCHEMA` = 'test' AND `TABLE_NAME` = 'user')
[2020-08-07T19:59:53.175Z][QUERY]: SELECT * FROM `INFORMATION_SCHEMA`.`KEY_COLUMN_USAGE` WHERE `CONSTRAINT_NAME` = 'PRIMARY' AND ((`TABLE_SCHEMA` = 'test' AND `TABLE_NAME` = 'user'))
[2020-08-07T19:59:53.175Z][QUERY]: SELECT `SCHEMA_NAME`, `DEFAULT_CHARACTER_SET_NAME` as `CHARSET`, `DEFAULT_COLLATION_NAME` AS `COLLATION` FROM `INFORMATION_SCHEMA`.`SCHEMATA`
[2020-08-07T19:59:53.176Z][QUERY]: SELECT `s`.* FROM `INFORMATION_SCHEMA`.`STATISTICS` `s` LEFT JOIN `INFORMATION_SCHEMA`.`REFERENTIAL_CONSTRAINTS` `rc` ON `s`.`INDEX_NAME` = `rc`.`CONSTRAINT_NAME` WHERE ((`s`.`TABLE_SCHEMA` = 'test' AND `s`.`TABLE_NAME` = 'user')) AND `s`.`INDEX_NAME` != 'PRIMARY' AND `rc`.`CONSTRAINT_NAME` IS NULL
[2020-08-07T19:59:53.176Z][QUERY]: SELECT `kcu`.`TABLE_SCHEMA`, `kcu`.`TABLE_NAME`, `kcu`.`CONSTRAINT_NAME`, `kcu`.`COLUMN_NAME`, `kcu`.`REFERENCED_TABLE_SCHEMA`, `kcu`.`REFERENCED_TABLE_NAME`, `kcu`.`REFERENCED_COLUMN_NAME`, `rc`.`DELETE_RULE` `ON_DELETE`, `rc`.`UPDATE_RULE` `ON_UPDATE` FROM `INFORMATION_SCHEMA`.`KEY_COLUMN_USAGE` `kcu` INNER JOIN `INFORMATION_SCHEMA`.`REFERENTIAL_CONSTRAINTS` `rc` ON `rc`.`constraint_name` = `kcu`.`constraint_name` WHERE (`kcu`.`TABLE_SCHEMA` = 'test' AND `kcu`.`TABLE_NAME` = 'user')
[2020-08-07T19:59:53.231Z][QUERY]: SELECT VERSION() AS `version`
[2020-08-07T19:59:53.235Z][QUERY]: SELECT * FROM `INFORMATION_SCHEMA`.`COLUMNS` WHERE `TABLE_SCHEMA` = 'test' AND `TABLE_NAME` = 'typeorm_metadata'
[2020-08-07T19:59:53.242Z][QUERY]: COMMIT
[2020-08-07T19:59:53.244Z][QUERY]: SELECT * FROM `INFORMATION_SCHEMA`.`COLUMNS` WHERE `TABLE_SCHEMA` = 'test' AND `TABLE_NAME` = 'migrations'
[2020-08-07T19:59:53.253Z][QUERY]: SELECT * FROM `test`.`migrations` `migrations` ORDER BY `id` DESC
[2020-08-07T19:59:53.256Z][QUERY]: START TRANSACTION
[2020-08-07T19:59:53.260Z][QUERY]: INSERT INTO `test`.`migrations`(`timestamp`, `name`) VALUES (?, ?) -- PARAMETERS: [1596830371045,"BaseTable1596830371045"]
[2020-08-07T19:59:53.264Z][QUERY]: COMMIT
[2020-08-07T20:00:30.941Z][QUERY]: START TRANSACTION
[2020-08-07T20:00:30.945Z][QUERY]: SELECT DATABASE() AS `db_name`
[2020-08-07T20:00:30.948Z][QUERY]: SELECT * FROM `INFORMATION_SCHEMA`.`TABLES` WHERE (`TABLE_SCHEMA` = 'test' AND `TABLE_NAME` = 'user')
[2020-08-07T20:00:30.949Z][QUERY]: SELECT * FROM `INFORMATION_SCHEMA`.`COLUMNS` WHERE (`TABLE_SCHEMA` = 'test' AND `TABLE_NAME` = 'user')
[2020-08-07T20:00:30.950Z][QUERY]: SELECT * FROM `INFORMATION_SCHEMA`.`KEY_COLUMN_USAGE` WHERE `CONSTRAINT_NAME` = 'PRIMARY' AND ((`TABLE_SCHEMA` = 'test' AND `TABLE_NAME` = 'user'))
[2020-08-07T20:00:30.952Z][QUERY]: SELECT `SCHEMA_NAME`, `DEFAULT_CHARACTER_SET_NAME` as `CHARSET`, `DEFAULT_COLLATION_NAME` AS `COLLATION` FROM `INFORMATION_SCHEMA`.`SCHEMATA`
[2020-08-07T20:00:30.953Z][QUERY]: SELECT `s`.* FROM `INFORMATION_SCHEMA`.`STATISTICS` `s` LEFT JOIN `INFORMATION_SCHEMA`.`REFERENTIAL_CONSTRAINTS` `rc` ON `s`.`INDEX_NAME` = `rc`.`CONSTRAINT_NAME` WHERE ((`s`.`TABLE_SCHEMA` = 'test' AND `s`.`TABLE_NAME` = 'user')) AND `s`.`INDEX_NAME` != 'PRIMARY' AND `rc`.`CONSTRAINT_NAME` IS NULL
[2020-08-07T20:00:30.954Z][QUERY]: SELECT `kcu`.`TABLE_SCHEMA`, `kcu`.`TABLE_NAME`, `kcu`.`CONSTRAINT_NAME`, `kcu`.`COLUMN_NAME`, `kcu`.`REFERENCED_TABLE_SCHEMA`, `kcu`.`REFERENCED_TABLE_NAME`, `kcu`.`REFERENCED_COLUMN_NAME`, `rc`.`DELETE_RULE` `ON_DELETE`, `rc`.`UPDATE_RULE` `ON_UPDATE` FROM `INFORMATION_SCHEMA`.`KEY_COLUMN_USAGE` `kcu` INNER JOIN `INFORMATION_SCHEMA`.`REFERENTIAL_CONSTRAINTS` `rc` ON `rc`.`constraint_name` = `kcu`.`constraint_name` WHERE (`kcu`.`TABLE_SCHEMA` = 'test' AND `kcu`.`TABLE_NAME` = 'user')
[2020-08-07T20:00:31.016Z][QUERY]: SELECT VERSION() AS `version`
[2020-08-07T20:00:31.019Z][QUERY]: SELECT * FROM `INFORMATION_SCHEMA`.`COLUMNS` WHERE `TABLE_SCHEMA` = 'test' AND `TABLE_NAME` = 'typeorm_metadata'
[2020-08-07T20:00:31.031Z][QUERY]: COMMIT
[2020-08-07T20:00:31.033Z][QUERY]: SELECT * FROM `INFORMATION_SCHEMA`.`COLUMNS` WHERE `TABLE_SCHEMA` = 'test' AND `TABLE_NAME` = 'migrations'
[2020-08-07T20:00:31.042Z][QUERY]: SELECT * FROM `test`.`migrations` `migrations` ORDER BY `id` DESC
[2020-08-07T20:00:31.045Z][QUERY]: START TRANSACTION
[2020-08-07T20:00:31.050Z][QUERY]: INSERT INTO `test`.`migrations`(`timestamp`, `name`) VALUES (?, ?) -- PARAMETERS: [1596830411087,"AddNullable1596830411087"]
[2020-08-07T20:00:31.052Z][QUERY]: COMMIT
[2020-08-07T20:00:53.170Z][QUERY]: START TRANSACTION
[2020-08-07T20:00:53.173Z][QUERY]: SELECT DATABASE() AS `db_name`
[2020-08-07T20:00:53.178Z][QUERY]: SELECT * FROM `INFORMATION_SCHEMA`.`TABLES` WHERE (`TABLE_SCHEMA` = 'test' AND `TABLE_NAME` = 'user')
[2020-08-07T20:00:53.180Z][QUERY]: SELECT * FROM `INFORMATION_SCHEMA`.`COLUMNS` WHERE (`TABLE_SCHEMA` = 'test' AND `TABLE_NAME` = 'user')
[2020-08-07T20:00:53.181Z][QUERY]: SELECT * FROM `INFORMATION_SCHEMA`.`KEY_COLUMN_USAGE` WHERE `CONSTRAINT_NAME` = 'PRIMARY' AND ((`TABLE_SCHEMA` = 'test' AND `TABLE_NAME` = 'user'))
[2020-08-07T20:00:53.183Z][QUERY]: SELECT `SCHEMA_NAME`, `DEFAULT_CHARACTER_SET_NAME` as `CHARSET`, `DEFAULT_COLLATION_NAME` AS `COLLATION` FROM `INFORMATION_SCHEMA`.`SCHEMATA`
[2020-08-07T20:00:53.185Z][QUERY]: SELECT `s`.* FROM `INFORMATION_SCHEMA`.`STATISTICS` `s` LEFT JOIN `INFORMATION_SCHEMA`.`REFERENTIAL_CONSTRAINTS` `rc` ON `s`.`INDEX_NAME` = `rc`.`CONSTRAINT_NAME` WHERE ((`s`.`TABLE_SCHEMA` = 'test' AND `s`.`TABLE_NAME` = 'user')) AND `s`.`INDEX_NAME` != 'PRIMARY' AND `rc`.`CONSTRAINT_NAME` IS NULL
[2020-08-07T20:00:53.186Z][QUERY]: SELECT `kcu`.`TABLE_SCHEMA`, `kcu`.`TABLE_NAME`, `kcu`.`CONSTRAINT_NAME`, `kcu`.`COLUMN_NAME`, `kcu`.`REFERENCED_TABLE_SCHEMA`, `kcu`.`REFERENCED_TABLE_NAME`, `kcu`.`REFERENCED_COLUMN_NAME`, `rc`.`DELETE_RULE` `ON_DELETE`, `rc`.`UPDATE_RULE` `ON_UPDATE` FROM `INFORMATION_SCHEMA`.`KEY_COLUMN_USAGE` `kcu` INNER JOIN `INFORMATION_SCHEMA`.`REFERENTIAL_CONSTRAINTS` `rc` ON `rc`.`constraint_name` = `kcu`.`constraint_name` WHERE (`kcu`.`TABLE_SCHEMA` = 'test' AND `kcu`.`TABLE_NAME` = 'user')
[2020-08-07T20:00:53.246Z][QUERY]: SELECT VERSION() AS `version`
[2020-08-07T20:00:53.249Z][QUERY]: SELECT * FROM `INFORMATION_SCHEMA`.`COLUMNS` WHERE `TABLE_SCHEMA` = 'test' AND `TABLE_NAME` = 'typeorm_metadata'
[2020-08-07T20:00:53.259Z][QUERY]: COMMIT
[2020-08-07T20:00:53.262Z][QUERY]: SELECT * FROM `INFORMATION_SCHEMA`.`COLUMNS` WHERE `TABLE_SCHEMA` = 'test' AND `TABLE_NAME` = 'migrations'
[2020-08-07T20:00:53.271Z][QUERY]: SELECT * FROM `test`.`migrations` `migrations` ORDER BY `id` DESC
[2020-08-07T20:05:17.248Z][QUERY]: START TRANSACTION
[2020-08-07T20:05:17.251Z][QUERY]: SELECT DATABASE() AS `db_name`
[2020-08-07T20:05:17.253Z][QUERY]: SELECT * FROM `INFORMATION_SCHEMA`.`TABLES` WHERE (`TABLE_SCHEMA` = 'test' AND `TABLE_NAME` = 'user')
[2020-08-07T20:05:17.254Z][QUERY]: SELECT * FROM `INFORMATION_SCHEMA`.`COLUMNS` WHERE (`TABLE_SCHEMA` = 'test' AND `TABLE_NAME` = 'user')
[2020-08-07T20:05:17.254Z][QUERY]: SELECT * FROM `INFORMATION_SCHEMA`.`KEY_COLUMN_USAGE` WHERE `CONSTRAINT_NAME` = 'PRIMARY' AND ((`TABLE_SCHEMA` = 'test' AND `TABLE_NAME` = 'user'))
[2020-08-07T20:05:17.255Z][QUERY]: SELECT `SCHEMA_NAME`, `DEFAULT_CHARACTER_SET_NAME` as `CHARSET`, `DEFAULT_COLLATION_NAME` AS `COLLATION` FROM `INFORMATION_SCHEMA`.`SCHEMATA`
[2020-08-07T20:05:17.256Z][QUERY]: SELECT `s`.* FROM `INFORMATION_SCHEMA`.`STATISTICS` `s` LEFT JOIN `INFORMATION_SCHEMA`.`REFERENTIAL_CONSTRAINTS` `rc` ON `s`.`INDEX_NAME` = `rc`.`CONSTRAINT_NAME` WHERE ((`s`.`TABLE_SCHEMA` = 'test' AND `s`.`TABLE_NAME` = 'user')) AND `s`.`INDEX_NAME` != 'PRIMARY' AND `rc`.`CONSTRAINT_NAME` IS NULL
[2020-08-07T20:05:17.257Z][QUERY]: SELECT `kcu`.`TABLE_SCHEMA`, `kcu`.`TABLE_NAME`, `kcu`.`CONSTRAINT_NAME`, `kcu`.`COLUMN_NAME`, `kcu`.`REFERENCED_TABLE_SCHEMA`, `kcu`.`REFERENCED_TABLE_NAME`, `kcu`.`REFERENCED_COLUMN_NAME`, `rc`.`DELETE_RULE` `ON_DELETE`, `rc`.`UPDATE_RULE` `ON_UPDATE` FROM `INFORMATION_SCHEMA`.`KEY_COLUMN_USAGE` `kcu` INNER JOIN `INFORMATION_SCHEMA`.`REFERENTIAL_CONSTRAINTS` `rc` ON `rc`.`constraint_name` = `kcu`.`constraint_name` WHERE (`kcu`.`TABLE_SCHEMA` = 'test' AND `kcu`.`TABLE_NAME` = 'user')
[2020-08-07T20:05:17.318Z][QUERY]: SELECT VERSION() AS `version`
[2020-08-07T20:05:17.321Z][QUERY]: SELECT * FROM `INFORMATION_SCHEMA`.`COLUMNS` WHERE `TABLE_SCHEMA` = 'test' AND `TABLE_NAME` = 'typeorm_metadata'
[2020-08-07T20:05:17.330Z][QUERY]: COMMIT
[2020-08-07T20:05:17.332Z][QUERY]: SELECT * FROM `INFORMATION_SCHEMA`.`COLUMNS` WHERE `TABLE_SCHEMA` = 'test' AND `TABLE_NAME` = 'migrations'
[2020-08-07T20:05:17.340Z][QUERY]: SELECT * FROM `test`.`migrations` `migrations` ORDER BY `id` DESC
[2020-08-07T20:05:19.532Z][QUERY]: SELECT * FROM `INFORMATION_SCHEMA`.`COLUMNS` WHERE `TABLE_SCHEMA` = 'test' AND `TABLE_NAME` = 'migrations'
[2020-08-07T20:05:19.541Z][QUERY]: SELECT * FROM `test`.`migrations` `migrations` ORDER BY `id` DESC
[2020-08-07T20:05:19.543Z]No migrations are pending
[2020-08-07T20:05:33.614Z][QUERY]: SELECT `user`.`id` AS `user_id`, `user`.`name` AS `user_name`, `user`.`lastname` AS `user_lastname`, `user`.`email` AS `user_email`, `user`.`phone` AS `user_phone`, `user`.`date_birthday` AS `user_date_birthday`, `user`.`description` AS `user_description` FROM `user` `user` WHERE DATE_ADD(date_birthday, 
        INTERVAL YEAR(CURDATE())-YEAR(date_birthday)
                 + IF(DAYOFYEAR(CURDATE()) > DAYOFYEAR(date_birthday) AND DAYOFYEAR(CURDATE()) < DAYOFYEAR(date_birthday),1,0)
        YEAR)  
    BETWEEN CURDATE() AND DATE_ADD(CURDATE(), INTERVAL 365 DAY) ORDER BY date_birthday ASC
[2020-08-07T20:05:58.449Z][QUERY]: START TRANSACTION
[2020-08-07T20:05:58.452Z][QUERY]: SELECT DATABASE() AS `db_name`
[2020-08-07T20:05:58.454Z][QUERY]: SELECT * FROM `INFORMATION_SCHEMA`.`TABLES` WHERE (`TABLE_SCHEMA` = 'test' AND `TABLE_NAME` = 'user')
[2020-08-07T20:05:58.455Z][QUERY]: SELECT * FROM `INFORMATION_SCHEMA`.`COLUMNS` WHERE (`TABLE_SCHEMA` = 'test' AND `TABLE_NAME` = 'user')
[2020-08-07T20:05:58.455Z][QUERY]: SELECT * FROM `INFORMATION_SCHEMA`.`KEY_COLUMN_USAGE` WHERE `CONSTRAINT_NAME` = 'PRIMARY' AND ((`TABLE_SCHEMA` = 'test' AND `TABLE_NAME` = 'user'))
[2020-08-07T20:05:58.456Z][QUERY]: SELECT `SCHEMA_NAME`, `DEFAULT_CHARACTER_SET_NAME` as `CHARSET`, `DEFAULT_COLLATION_NAME` AS `COLLATION` FROM `INFORMATION_SCHEMA`.`SCHEMATA`
[2020-08-07T20:05:58.456Z][QUERY]: SELECT `s`.* FROM `INFORMATION_SCHEMA`.`STATISTICS` `s` LEFT JOIN `INFORMATION_SCHEMA`.`REFERENTIAL_CONSTRAINTS` `rc` ON `s`.`INDEX_NAME` = `rc`.`CONSTRAINT_NAME` WHERE ((`s`.`TABLE_SCHEMA` = 'test' AND `s`.`TABLE_NAME` = 'user')) AND `s`.`INDEX_NAME` != 'PRIMARY' AND `rc`.`CONSTRAINT_NAME` IS NULL
[2020-08-07T20:05:58.457Z][QUERY]: SELECT `kcu`.`TABLE_SCHEMA`, `kcu`.`TABLE_NAME`, `kcu`.`CONSTRAINT_NAME`, `kcu`.`COLUMN_NAME`, `kcu`.`REFERENCED_TABLE_SCHEMA`, `kcu`.`REFERENCED_TABLE_NAME`, `kcu`.`REFERENCED_COLUMN_NAME`, `rc`.`DELETE_RULE` `ON_DELETE`, `rc`.`UPDATE_RULE` `ON_UPDATE` FROM `INFORMATION_SCHEMA`.`KEY_COLUMN_USAGE` `kcu` INNER JOIN `INFORMATION_SCHEMA`.`REFERENTIAL_CONSTRAINTS` `rc` ON `rc`.`constraint_name` = `kcu`.`constraint_name` WHERE (`kcu`.`TABLE_SCHEMA` = 'test' AND `kcu`.`TABLE_NAME` = 'user')
[2020-08-07T20:05:58.530Z][QUERY]: SELECT VERSION() AS `version`
[2020-08-07T20:05:58.533Z][QUERY]: SELECT * FROM `INFORMATION_SCHEMA`.`COLUMNS` WHERE `TABLE_SCHEMA` = 'test' AND `TABLE_NAME` = 'typeorm_metadata'
[2020-08-07T20:05:58.545Z][QUERY]: COMMIT
[2020-08-07T20:05:58.548Z][QUERY]: SELECT * FROM `INFORMATION_SCHEMA`.`COLUMNS` WHERE `TABLE_SCHEMA` = 'test' AND `TABLE_NAME` = 'migrations'
[2020-08-07T20:05:58.556Z][QUERY]: SELECT * FROM `test`.`migrations` `migrations` ORDER BY `id` DESC
